# JRE version: OpenJDK Runtime Environment Temurin-17.0.7+7 (17.0.7+7) (build 17.0.7+7)
# Java VM: OpenJDK 64-Bit Server VM Temurin-17.0.7+7 (17.0.7+7, mixed mode, emulated-client, sharing, tiered, compressed oops, compressed class ptrs, g1 gc, linux-amd64)
GC Precious Log:
 CPUs: 4 total, 4 available
 Memory: 15897M
 Large Page Support: Disabled
 NUMA Support: Disabled
 Compressed Oops: Enabled (Zero based)
 Heap Region Size: 2M
 Heap Min Capacity: 8M
 Heap Initial Capacity: 250M
 Heap Max Capacity: 3976M
 Pre-touch: Disabled
 Parallel Workers: 4
 Concurrent Workers: 1
 Concurrent Refinement Workers: 4
 Periodic GC: Disabled
Heap:
 garbage-first heap   total 92160K, used 68361K [0x0000000707800000, 0x0000000800000000)
  region size 2048K, 17 young (34816K), 1 survivors (2048K)
 Metaspace       used 65292K, committed 65856K, reserved 1114112K
  class space    used 9197K, committed 9472K, reserved 1048576K
GC Heap History (20 events):
Event: 5297.465 GC heap before
{Heap before GC invocations=120 (full 0):
 garbage-first heap   total 92160K, used 74132K [0x0000000707800000, 0x0000000800000000)
  region size 2048K, 19 young (38912K), 1 survivors (2048K)
 Metaspace       used 65228K, committed 65664K, reserved 1114112K
  class space    used 9183K, committed 9408K, reserved 1048576K
}
Event: 5297.466 GC heap after
{Heap after GC invocations=121 (full 0):
 garbage-first heap   total 92160K, used 37302K [0x0000000707800000, 0x0000000800000000)
  region size 2048K, 1 young (2048K), 1 survivors (2048K)
 Metaspace       used 65228K, committed 65664K, reserved 1114112K
  class space    used 9183K, committed 9408K, reserved 1048576K
}
Event: 5342.182 GC heap before
{Heap before GC invocations=121 (full 0):
 garbage-first heap   total 92160K, used 74166K [0x0000000707800000, 0x0000000800000000)
  region size 2048K, 19 young (38912K), 1 survivors (2048K)
 Metaspace       used 65228K, committed 65664K, reserved 1114112K
  class space    used 9183K, committed 9408K, reserved 1048576K
}
Event: 5342.183 GC heap after
{Heap after GC invocations=122 (full 0):
 garbage-first heap   total 92160K, used 37762K [0x0000000707800000, 0x0000000800000000)
  region size 2048K, 1 young (2048K), 1 survivors (2048K)
 Metaspace       used 65228K, committed 65664K, reserved 1114112K
  class space    used 9183K, committed 9408K, reserved 1048576K
}
Event: 5390.978 GC heap before
{Heap before GC invocations=122 (full 0):
 garbage-first heap   total 92160K, used 74626K [0x0000000707800000, 0x0000000800000000)
  region size 2048K, 19 young (38912K), 1 survivors (2048K)
 Metaspace       used 65228K, committed 65664K, reserved 1114112K
  class space    used 9183K, committed 9408K, reserved 1048576K
}
Event: 5390.979 GC heap after
{Heap after GC invocations=123 (full 0):
 garbage-first heap   total 92160K, used 37743K [0x0000000707800000, 0x0000000800000000)
  region size 2048K, 1 young (2048K), 1 survivors (2048K)
 Metaspace       used 65228K, committed 65664K, reserved 1114112K
  class space    used 9183K, committed 9408K, reserved 1048576K
}
Event: 5440.774 GC heap before
{Heap before GC invocations=123 (full 0):
 garbage-first heap   total 92160K, used 74607K [0x0000000707800000, 0x0000000800000000)
  region size 2048K, 19 young (38912K), 1 survivors (2048K)
 Metaspace       used 65228K, committed 65664K, reserved 1114112K
  class space    used 9183K, committed 9408K, reserved 1048576K
}
Event: 5440.775 GC heap after
{Heap after GC invocations=124 (full 0):
 garbage-first heap   total 92160K, used 37634K [0x0000000707800000, 0x0000000800000000)
  region size 2048K, 1 young (2048K), 1 survivors (2048K)
 Metaspace       used 65228K, committed 65664K, reserved 1114112K
  class space    used 9183K, committed 9408K, reserved 1048576K
}
Event: 5488.917 GC heap before
{Heap before GC invocations=124 (full 0):
 garbage-first heap   total 92160K, used 74498K [0x0000000707800000, 0x0000000800000000)
  region size 2048K, 19 young (38912K), 1 survivors (2048K)
 Metaspace       used 65228K, committed 65664K, reserved 1114112K
  class space    used 9183K, committed 9408K, reserved 1048576K
}
Event: 5488.921 GC heap after
{Heap after GC invocations=125 (full 0):
 garbage-first heap   total 92160K, used 37883K [0x0000000707800000, 0x0000000800000000)
  region size 2048K, 1 young (2048K), 1 survivors (2048K)
 Metaspace       used 65228K, committed 65664K, reserved 1114112K
  class space    used 9183K, committed 9408K, reserved 1048576K
}
Event: 5537.917 GC heap before
{Heap before GC invocations=125 (full 0):
 garbage-first heap   total 92160K, used 74747K [0x0000000707800000, 0x0000000800000000)
  region size 2048K, 19 young (38912K), 1 survivors (2048K)
 Metaspace       used 65228K, committed 65664K, reserved 1114112K
  class space    used 9183K, committed 9408K, reserved 1048576K
}
Event: 5537.921 GC heap after
{Heap after GC invocations=126 (full 0):
 garbage-first heap   total 92160K, used 37635K [0x0000000707800000, 0x0000000800000000)
  region size 2048K, 1 young (2048K), 1 survivors (2048K)
 Metaspace       used 65228K, committed 65664K, reserved 1114112K
  class space    used 9183K, committed 9408K, reserved 1048576K
}
Event: 5587.056 GC heap before
{Heap before GC invocations=126 (full 0):
 garbage-first heap   total 92160K, used 74499K [0x0000000707800000, 0x0000000800000000)
  region size 2048K, 19 young (38912K), 1 survivors (2048K)
 Metaspace       used 65228K, committed 65664K, reserved 1114112K
  class space    used 9183K, committed 9408K, reserved 1048576K
}
Event: 5587.057 GC heap after
{Heap after GC invocations=127 (full 0):
 garbage-first heap   total 92160K, used 37815K [0x0000000707800000, 0x0000000800000000)
  region size 2048K, 1 young (2048K), 1 survivors (2048K)
 Metaspace       used 65228K, committed 65664K, reserved 1114112K
  class space    used 9183K, committed 9408K, reserved 1048576K
}
Event: 5636.790 GC heap before
{Heap before GC invocations=127 (full 0):
 garbage-first heap   total 92160K, used 74679K [0x0000000707800000, 0x0000000800000000)
  region size 2048K, 19 young (38912K), 1 survivors (2048K)
 Metaspace       used 65228K, committed 65664K, reserved 1114112K
  class space    used 9183K, committed 9408K, reserved 1048576K
}
Event: 5636.791 GC heap after
{Heap after GC invocations=128 (full 0):
 garbage-first heap   total 92160K, used 37695K [0x0000000707800000, 0x0000000800000000)
  region size 2048K, 1 young (2048K), 1 survivors (2048K)
 Metaspace       used 65228K, committed 65664K, reserved 1114112K
  class space    used 9183K, committed 9408K, reserved 1048576K
}
Event: 5685.555 GC heap before
{Heap before GC invocations=128 (full 0):
 garbage-first heap   total 92160K, used 74559K [0x0000000707800000, 0x0000000800000000)
  region size 2048K, 19 young (38912K), 1 survivors (2048K)
 Metaspace       used 65228K, committed 65664K, reserved 1114112K
  class space    used 9183K, committed 9408K, reserved 1048576K
}
Event: 5685.557 GC heap after
{Heap after GC invocations=129 (full 0):
 garbage-first heap   total 92160K, used 37890K [0x0000000707800000, 0x0000000800000000)
  region size 2048K, 1 young (2048K), 1 survivors (2048K)
 Metaspace       used 65228K, committed 65664K, reserved 1114112K
  class space    used 9183K, committed 9408K, reserved 1048576K
}
Event: 5734.917 GC heap before
{Heap before GC invocations=129 (full 0):
 garbage-first heap   total 92160K, used 74754K [0x0000000707800000, 0x0000000800000000)
  region size 2048K, 19 young (38912K), 1 survivors (2048K)
 Metaspace       used 65228K, committed 65664K, reserved 1114112K
  class space    used 9183K, committed 9408K, reserved 1048576K
}
Event: 5734.919 GC heap after
{Heap after GC invocations=130 (full 0):
 garbage-first heap   total 92160K, used 37641K [0x0000000707800000, 0x0000000800000000)
  region size 2048K, 1 young (2048K), 1 survivors (2048K)
 Metaspace       used 65228K, committed 65664K, reserved 1114112K
  class space    used 9183K, committed 9408K, reserved 1048576K
}

